生成启动时间为 2017/4/16 12:05:39。
     1>项目“E:\Code\CPP\Qt\Homework\CloudViewer2.0\CloudViewer\CloudViewer.vcxproj”在节点 2 上(Build 个目标)。
     1>CustomBuild:
         Moc'ing cloudviewer.h...
       ClCompile:
         C:\Program Files (x86)\Microsoft Visual Studio 12.0\VC\bin\x86_amd64\CL.exe /c /I.\GeneratedFiles /I. /IC:\Qt\Qt5.7.0\5.7\msvc2013_64\include /I.\GeneratedFiles\Release /IC:\Qt\Qt5.7.0\5.7\msvc2013_64\include\QtCore /IC:\Qt\Qt5.7.0\5.7\msvc2013_64\include\QtGui /IC:\Qt\Qt5.7.0\5.7\msvc2013_64\include\QtWidgets /I"C:\Tools\PCL 1.8.0\include\pcl-1.8" /I"C:\Tools\PCL 1.8.0\3rdParty\Boost\include\boost-1_59" /I"C:\Tools\PCL 1.8.0\3rdParty\Eigen\eigen3" /I"C:\Tools\PCL 1.8.0\3rdParty\FLANN\include" /I"C:\Tools\PCL 1.8.0\3rdParty\OpenNI2\Include" /I"C:\Tools\PCL 1.8.0\3rdParty\Qhull\include" /I"C:\Tools\PCL 1.8.0\3rdParty\VTK\include\vtk-7.0" /nologo /W1 /WX- /O2 /D UNICODE /D WIN32 /D WIN64 /D QT_DLL /D QT_NO_DEBUG /D NDEBUG /D QT_CORE_LIB /D QT_GUI_LIB /D QT_WIDGETS_LIB /Gm- /EHsc /MD /GS /fp:precise /Zc:wchar_t /Zc:forScope /Fo"x64\Release\\" /Fd"x64\Release\vc120.pdb" /Gd /TP /errorReport:prompt GeneratedFiles\Release\moc_cloudviewer.cpp Tools.cpp cloudviewer.cpp main.cpp
         moc_cloudviewer.cpp
     1>C:\Tools\PCL 1.8.0\include\pcl-1.8\pcl/visualization/interactor_style.h : warning C4819: 该文件包含不能在当前代码页(936)中表示的字符。请将该文件保存为 Unicode 格式以防止数据丢失
     1>C:\Tools\PCL 1.8.0\include\pcl-1.8\pcl/visualization/pcl_visualizer.h(1621): warning C4819: 该文件包含不能在当前代码页(936)中表示的字符。请将该文件保存为 Unicode 格式以防止数据丢失
         Tools.cpp
         cloudviewer.cpp
     1>C:\Tools\PCL 1.8.0\include\pcl-1.8\pcl/visualization/interactor_style.h : warning C4819: 该文件包含不能在当前代码页(936)中表示的字符。请将该文件保存为 Unicode 格式以防止数据丢失
     1>C:\Tools\PCL 1.8.0\include\pcl-1.8\pcl/visualization/pcl_visualizer.h(1621): warning C4819: 该文件包含不能在当前代码页(936)中表示的字符。请将该文件保存为 Unicode 格式以防止数据丢失
         main.cpp
     1>C:\Tools\PCL 1.8.0\include\pcl-1.8\pcl/visualization/interactor_style.h : warning C4819: 该文件包含不能在当前代码页(936)中表示的字符。请将该文件保存为 Unicode 格式以防止数据丢失
     1>C:\Tools\PCL 1.8.0\include\pcl-1.8\pcl/visualization/pcl_visualizer.h(1621): warning C4819: 该文件包含不能在当前代码页(936)中表示的字符。请将该文件保存为 Unicode 格式以防止数据丢失
         正在生成代码...
       Link:
         C:\Program Files (x86)\Microsoft Visual Studio 12.0\VC\bin\x86_amd64\link.exe /ERRORREPORT:PROMPT /OUT:"E:\Code\CPP\Qt\Homework\CloudViewer2.0\x64\Release\\CloudViewer.exe" /NOLOGO /LIBPATH:C:\Qt\Qt5.7.0\5.7\msvc2013_64\lib /LIBPATH:"C:\Tools\PCL 1.8.0\lib" /LIBPATH:"C:\Tools\PCL 1.8.0\3rdParty\Boost\lib" /LIBPATH:"C:\Tools\PCL 1.8.0\3rdParty\OpenNI2\Lib" /LIBPATH:"C:\Tools\PCL 1.8.0\3rdParty\FLANN\lib" /LIBPATH:"C:\Tools\PCL 1.8.0\3rdParty\Qhull\lib" /LIBPATH:"C:\Tools\PCL 1.8.0\3rdParty\VTK\lib" qtmain.lib Qt5Core.lib Qt5Gui.lib Qt5Widgets.lib "libboost_thread-vc120-mt-sgd-1_59.lib" pcl_common_release.lib pcl_features_release.lib pcl_filters_release.lib pcl_io_release.lib pcl_io_ply_release.lib pcl_kdtree_release.lib pcl_keypoints_release.lib pcl_ml_release.lib pcl_octree_release.lib pcl_outofcore_release.lib pcl_people_release.lib pcl_recognition_release.lib pcl_registration_release.lib pcl_sample_consensus_release.lib pcl_search_release.lib pcl_segmentation_release.lib pcl_stereo_release.lib pcl_surface_release.lib pcl_tracking_release.lib pcl_visualization_release.lib "libboost_thread-vc120-mt-sgd-1_59.lib" "libboost_atomic-vc120-mt-1_59.lib" "libboost_chrono-vc120-mt-1_59.lib" "libboost_container-vc120-mt-1_59.lib" "libboost_context-vc120-mt-1_59.lib" "libboost_coroutine-vc120-mt-1_59.lib" "libboost_date_time-vc120-mt-1_59.lib" "libboost_exception-vc120-mt-1_59.lib" "libboost_filesystem-vc120-mt-1_59.lib" "libboost_graph-vc120-mt-1_59.lib" "libboost_iostreams-vc120-mt-1_59.lib" "libboost_locale-vc120-mt-1_59.lib" "libboost_log-vc120-mt-1_59.lib" "libboost_log_setup-vc120-mt-1_59.lib" "libboost_math_c99-vc120-mt-1_59.lib" "libboost_math_c99f-vc120-mt-1_59.lib" "libboost_math_c99l-vc120-mt-1_59.lib" "libboost_math_tr1-vc120-mt-1_59.lib" "libboost_math_tr1f-vc120-mt-1_59.lib" "libboost_math_tr1l-vc120-mt-1_59.lib" "libboost_mpi-vc120-mt-1_59.lib" "libboost_prg_exec_monitor-vc120-mt-1_59.lib" "libboost_program_options-vc120-mt-1_59.lib" "libboost_random-vc120-mt-1_59.lib" "libboost_regex-vc120-mt-1_59.lib" "libboost_serialization-vc120-mt-1_59.lib" "libboost_signals-vc120-mt-1_59.lib" "libboost_system-vc120-mt-1_59.lib" "libboost_test_exec_monitor-vc120-mt-1_59.lib" "libboost_thread-vc120-mt-1_59.lib" "libboost_timer-vc120-mt-1_59.lib" "libboost_unit_test_framework-vc120-mt-1_59.lib" "libboost_wave-vc120-mt-1_59.lib" "libboost_wserialization-vc120-mt-1_59.lib" "vtkalglib-7.0.lib" "vtkChartsCore-7.0.lib" "vtkCommonCore-7.0.lib" "vtkCommonColor-7.0.lib" "vtkCommonComputationalGeometry-7.0.lib" "vtkCommonDataModel-7.0.lib" "vtkCommonExecutionModel-7.0.lib" "vtkCommonMath-7.0.lib" "vtkCommonMisc-7.0.lib" "vtkCommonSystem-7.0.lib" "vtkCommonTransforms-7.0.lib" "vtkDICOMParser-7.0.lib" "vtkDomainsChemistry-7.0.lib" "vtkexoIIc-7.0.lib" "vtkexpat-7.0.lib" "vtkFiltersAMR-7.0.lib" "vtkFiltersCore-7.0.lib" "vtkFiltersExtraction-7.0.lib" "vtkFiltersFlowPaths-7.0.lib" "vtkFiltersGeneral-7.0.lib" "vtkFiltersGeneric-7.0.lib" "vtkFiltersGeometry-7.0.lib" "vtkFiltersHybrid-7.0.lib" "vtkFiltersHyperTree-7.0.lib" "vtkFiltersImaging-7.0.lib" "vtkFiltersModeling-7.0.lib" "vtkFiltersParallel-7.0.lib" "vtkFiltersParallelImaging-7.0.lib" "vtkFiltersProgrammable-7.0.lib" "vtkFiltersSelection-7.0.lib" "vtkFiltersSMP-7.0.lib" "vtkFiltersSources-7.0.lib" "vtkFiltersStatistics-7.0.lib" "vtkFiltersTexture-7.0.lib" "vtkFiltersVerdict-7.0.lib" "vtkfreetype-7.0.lib" "vtkGeovisCore-7.0.lib" "vtkhdf5-7.0.lib" "vtkhdf5_hl-7.0.lib" "vtkImagingColor-7.0.lib" "vtkImagingCore-7.0.lib" "vtkImagingFourier-7.0.lib" "vtkImagingGeneral-7.0.lib" "vtkImagingHybrid-7.0.lib" "vtkImagingMath-7.0.lib" "vtkImagingMorphological-7.0.lib" "vtkImagingSources-7.0.lib" "vtkImagingStatistics-7.0.lib" "vtkImagingStencil-7.0.lib" "vtkInfovisCore-7.0.lib" "vtkInfovisLayout-7.0.lib" "vtkInteractionImage-7.0.lib" "vtkInteractionStyle-7.0.lib" "vtkInteractionWidgets-7.0.lib" "vtkIOAMR-7.0.lib" "vtkIOCore-7.0.lib" "vtkIOEnSight-7.0.lib" "vtkIOExodus-7.0.lib" "vtkIOExport-7.0.lib" "vtkIOGeometry-7.0.lib" "vtkIOImage-7.0.lib" "vtkIOImport-7.0.lib" "vtkIOInfovis-7.0.lib" "vtkIOLegacy-7.0.lib" "vtkIOLSDyna-7.0.lib" "vtkIOMINC-7.0.lib" "vtkIOMovie-7.0.lib" "vtkIONetCDF-7.0.lib" "vtkIOParallel-7.0.lib" "vtkIOParallelXML-7.0.lib" "vtkIOPLY-7.0.lib" "vtkIOSQL-7.0.lib" "vtkIOVideo-7.0.lib" "vtkIOXML-7.0.lib" "vtkIOXMLParser-7.0.lib" "vtkjpeg-7.0.lib" "vtkjsoncpp-7.0.lib" "vtklibxml2-7.0.lib" "vtkmetaio-7.0.lib" "vtkNetCDF-7.0.lib" "vtkNetCDF_cxx-7.0.lib" "vtkoggtheora-7.0.lib" "vtkParallelCore-7.0.lib" "vtkpng-7.0.lib" "vtkproj4-7.0.lib" "vtkRenderingAnnotation-7.0.lib" "vtkRenderingContext2D-7.0.lib" "vtkRenderingContextOpenGL2-7.0.lib" "vtkRenderingCore-7.0.lib" "vtkRenderingFreeType-7.0.lib" "vtkRenderingImage-7.0.lib" "vtkRenderingLabel-7.0.lib" "vtkRenderingLOD-7.0.lib" "vtkRenderingOpenGL2-7.0.lib" "vtkRenderingVolume-7.0.lib" "vtkRenderingVolumeOpenGL2-7.0.lib" "vtksqlite-7.0.lib" "vtksys-7.0.lib" "vtktiff-7.0.lib" "vtkverdict-7.0.lib" "vtkViewsContext2D-7.0.lib" "vtkViewsCore-7.0.lib" "vtkViewsInfovis-7.0.lib" "vtkzlib-7.0.lib" "vtkGUISupportQt-7.0.lib" "vtkRenderingQt-7.0.lib" "vtkViewsQt-7.0.lib" flann_cpp_s.lib qhullstatic.lib OpenNI2.lib kernel32.lib user32.lib gdi32.lib winspool.lib shell32.lib ole32.lib oleaut32.lib uuid.lib comdlg32.lib advapi32.lib comctl32.lib wsock32.lib glu32.lib opengl32.lib ws2_32.lib Psapi.lib kernel32.lib user32.lib gdi32.lib winspool.lib comdlg32.lib advapi32.lib shell32.lib ole32.lib oleaut32.lib uuid.lib odbc32.lib odbccp32.lib /MANIFEST /MANIFESTUAC:"level='asInvoker' uiAccess='false'" /manifest:embed /PDB:"E:\Code\CPP\Qt\Homework\CloudViewer2.0\x64\Release\CloudViewer.pdb" /SUBSYSTEM:WINDOWS /TLBID:1 /DYNAMICBASE /NXCOMPAT /IMPLIB:"E:\Code\CPP\Qt\Homework\CloudViewer2.0\x64\Release\CloudViewer.lib" /MACHINE:X64 x64\Release\AboutWin.obj
         x64\Release\cloudviewer.obj
         x64\Release\qrc_cloudviewer.obj
         x64\Release\moc_AboutWin.obj
         x64\Release\moc_cloudviewer.obj
         x64\Release\main.obj
         x64\Release\MyCloud.obj
         x64\Release\Tools.obj
         CloudViewer.vcxproj -> E:\Code\CPP\Qt\Homework\CloudViewer2.0\x64\Release\CloudViewer.exe
     1>已完成生成项目“E:\Code\CPP\Qt\Homework\CloudViewer2.0\CloudViewer\CloudViewer.vcxproj”(Build 个目标)的操作。

生成成功。

已用时间 00:00:54.76
