e:\code\cpp\qt\homework\cloudviewer2.0\cloudviewer\x64\release\tools.obj
e:\code\cpp\qt\homework\cloudviewer2.0\cloudviewer\x64\release\main.obj
e:\code\cpp\qt\homework\cloudviewer2.0\cloudviewer\x64\release\moc_cloudviewer.obj
e:\code\cpp\qt\homework\cloudviewer2.0\cloudviewer\x64\release\moc_aboutwin.obj
e:\code\cpp\qt\homework\cloudviewer2.0\cloudviewer\x64\release\cloudviewer.obj
e:\code\cpp\qt\homework\cloudviewer2.0\cloudviewer\x64\release\aboutwin.obj
e:\code\cpp\qt\homework\cloudviewer2.0\cloudviewer\x64\release\qrc_cloudviewer.obj
e:\code\cpp\qt\homework\cloudviewer2.0\cloudviewer\generatedfiles\release\moc_aboutwin.cpp
e:\code\cpp\qt\homework\cloudviewer2.0\cloudviewer\generatedfiles\ui_aboutwin.h
e:\code\cpp\qt\homework\cloudviewer2.0\cloudviewer\generatedfiles\ui_cloudviewer.h
e:\code\cpp\qt\homework\cloudviewer2.0\cloudviewer\generatedfiles\qrc_cloudviewer.cpp
e:\code\cpp\qt\homework\cloudviewer2.0\cloudviewer\generatedfiles\release\moc_cloudviewer.cpp
e:\code\cpp\qt\homework\cloudviewer2.0\x64\release\cloudviewer.exe
e:\code\cpp\qt\homework\cloudviewer2.0\cloudviewer\x64\release\cloudviewer.tlog\cl.command.1.tlog
e:\code\cpp\qt\homework\cloudviewer2.0\cloudviewer\x64\release\cloudviewer.tlog\cl.read.1.tlog
e:\code\cpp\qt\homework\cloudviewer2.0\cloudviewer\x64\release\cloudviewer.tlog\cl.write.1.tlog
e:\code\cpp\qt\homework\cloudviewer2.0\cloudviewer\x64\release\cloudviewer.tlog\custombuild.command.1.tlog
e:\code\cpp\qt\homework\cloudviewer2.0\cloudviewer\x64\release\cloudviewer.tlog\custombuild.read.1.tlog
e:\code\cpp\qt\homework\cloudviewer2.0\cloudviewer\x64\release\cloudviewer.tlog\custombuild.write.1.tlog
e:\code\cpp\qt\homework\cloudviewer2.0\cloudviewer\x64\release\cloudviewer.tlog\link.command.1.tlog
e:\code\cpp\qt\homework\cloudviewer2.0\cloudviewer\x64\release\cloudviewer.tlog\link.read.1.tlog
e:\code\cpp\qt\homework\cloudviewer2.0\cloudviewer\x64\release\cloudviewer.tlog\link.write.1.tlog
