e:\code\cpp\qt\vs\cloudviewer\cloudviewer\x64\debug\vc120.pdb
e:\code\cpp\qt\vs\cloudviewer\cloudviewer\x64\debug\cloudviewer.obj
e:\code\cpp\qt\vs\cloudviewer\cloudviewer\x64\debug\moc_aboutwin.obj
e:\code\cpp\qt\vs\cloudviewer\cloudviewer\x64\debug\aboutwin.obj
e:\code\cpp\qt\vs\cloudviewer\cloudviewer\x64\debug\main.obj
e:\code\cpp\qt\vs\cloudviewer\cloudviewer\x64\debug\moc_cloudviewer.obj
e:\code\cpp\qt\homework\cloudviewer\cloudviewer\x64\debug\vc120.pdb
e:\code\cpp\qt\homework\cloudviewer\cloudviewer\x64\debug\tools.obj
e:\code\cpp\qt\homework\cloudviewer\cloudviewer\x64\debug\main.obj
e:\code\cpp\qt\homework\cloudviewer\cloudviewer\x64\debug\moc_cloudviewer.obj
e:\code\cpp\qt\homework\cloudviewer\cloudviewer\x64\debug\cloudviewer.obj
e:\code\cpp\qt\homework\cloudviewer\cloudviewer\x64\debug\moc_aboutwin.obj
e:\code\cpp\qt\homework\cloudviewer\cloudviewer\x64\debug\aboutwin.obj
e:\code\cpp\qt\homework\cloudviewer\cloudviewer\x64\debug\qrc_cloudviewer.obj
e:\code\cpp\qt\vs\cloudviewer\cloudviewer\generatedfiles\debug\moc_aboutwin.cpp
e:\code\cpp\qt\vs\cloudviewer\cloudviewer\generatedfiles\debug\moc_cloudviewer.cpp
e:\code\cpp\qt\homework\cloudviewer\cloudviewer\generatedfiles\debug\moc_aboutwin.cpp
e:\code\cpp\qt\homework\cloudviewer\cloudviewer\generatedfiles\ui_aboutwin.h
e:\code\cpp\qt\homework\cloudviewer\cloudviewer\generatedfiles\qrc_cloudviewer.cpp
e:\code\cpp\qt\homework\cloudviewer\cloudviewer\generatedfiles\debug\moc_cloudviewer.cpp
e:\code\cpp\qt\homework\cloudviewer\cloudviewer\generatedfiles\ui_cloudviewer.h
e:\code\cpp\qt\vs\cloudviewer\x64\debug\cloudviewer.ilk
e:\code\cpp\qt\vs\cloudviewer\x64\debug\cloudviewer.exe
e:\code\cpp\qt\vs\cloudviewer\x64\debug\cloudviewer.pdb
e:\code\cpp\qt\homework\cloudviewer\x64\debug\cloudviewer.ilk
e:\code\cpp\qt\homework\cloudviewer\x64\debug\cloudviewer.exe
e:\code\cpp\qt\homework\cloudviewer\x64\debug\cloudviewer.pdb
e:\code\cpp\qt\homework\cloudviewer\cloudviewer\x64\debug\cloudviewer.tlog\cl.command.1.tlog
e:\code\cpp\qt\homework\cloudviewer\cloudviewer\x64\debug\cloudviewer.tlog\cl.read.1.tlog
e:\code\cpp\qt\homework\cloudviewer\cloudviewer\x64\debug\cloudviewer.tlog\cl.write.1.tlog
e:\code\cpp\qt\homework\cloudviewer\cloudviewer\x64\debug\cloudviewer.tlog\custombuild.command.1.tlog
e:\code\cpp\qt\homework\cloudviewer\cloudviewer\x64\debug\cloudviewer.tlog\custombuild.read.1.tlog
e:\code\cpp\qt\homework\cloudviewer\cloudviewer\x64\debug\cloudviewer.tlog\custombuild.write.1.tlog
e:\code\cpp\qt\homework\cloudviewer\cloudviewer\x64\debug\cloudviewer.tlog\link.command.1.tlog
e:\code\cpp\qt\homework\cloudviewer\cloudviewer\x64\debug\cloudviewer.tlog\link.read.1.tlog
e:\code\cpp\qt\homework\cloudviewer\cloudviewer\x64\debug\cloudviewer.tlog\link.write.1.tlog
