生成启动时间为 2016/12/29 13:17:10。
     1>项目“E:\Code\CPP\Qt\Homework\CloudViewer\CloudViewer\CloudViewer.vcxproj”在节点 2 上(Build 个目标)。
     1>ClCompile:
         C:\Program Files (x86)\Microsoft Visual Studio 12.0\VC\bin\x86_amd64\CL.exe /c /I.\GeneratedFiles /I. /IC:\Qt\Qt5.7.0\5.7\msvc2013_64\include /I.\GeneratedFiles\Debug /IC:\Qt\Qt5.7.0\5.7\msvc2013_64\include\QtCore /IC:\Qt\Qt5.7.0\5.7\msvc2013_64\include\QtGui /IC:\Qt\Qt5.7.0\5.7\msvc2013_64\include\QtWidgets /I"C:\Tools\PCL 1.8.0\include\pcl-1.8" /I"C:\Tools\PCL 1.8.0\3rdParty\Boost\include\boost-1_59" /I"C:\Tools\PCL 1.8.0\3rdParty\Eigen\eigen3" /I"C:\Tools\PCL 1.8.0\3rdParty\FLANN\include" /I"C:\Tools\PCL 1.8.0\3rdParty\OpenNI2\Include" /I"C:\Tools\PCL 1.8.0\3rdParty\Qhull\include" /I"C:\Tools\PCL 1.8.0\3rdParty\VTK\include\vtk-7.0" /Zi /nologo /W1 /WX- /Od /D UNICODE /D WIN32 /D WIN64 /D QT_DLL /D QT_CORE_LIB /D QT_GUI_LIB /D QT_WIDGETS_LIB /D _SCL_SECURE_NO_WARNINGS /D _CRT_SECURE_NO_WARNINGS /Gm- /EHsc /MTd /GS /fp:precise /Zc:wchar_t /Zc:forScope /Fo"x64\Debug\\" /Fd"x64\Debug\vc120.pdb" /Gd /TP /errorReport:prompt AboutWin.cpp cloudviewer.cpp GeneratedFiles\Debug\moc_AboutWin.cpp GeneratedFiles\Debug\moc_cloudviewer.cpp main.cpp Tools.cpp
         AboutWin.cpp
         cloudviewer.cpp
     1>C:\Tools\PCL 1.8.0\include\pcl-1.8\pcl/visualization/interactor_style.h : warning C4819: 该文件包含不能在当前代码页(936)中表示的字符。请将该文件保存为 Unicode 格式以防止数据丢失
     1>C:\Tools\PCL 1.8.0\include\pcl-1.8\pcl/visualization/pcl_visualizer.h(1621): warning C4819: 该文件包含不能在当前代码页(936)中表示的字符。请将该文件保存为 Unicode 格式以防止数据丢失
         moc_AboutWin.cpp
         moc_cloudviewer.cpp
     1>C:\Tools\PCL 1.8.0\include\pcl-1.8\pcl/visualization/interactor_style.h : warning C4819: 该文件包含不能在当前代码页(936)中表示的字符。请将该文件保存为 Unicode 格式以防止数据丢失
     1>C:\Tools\PCL 1.8.0\include\pcl-1.8\pcl/visualization/pcl_visualizer.h(1621): warning C4819: 该文件包含不能在当前代码页(936)中表示的字符。请将该文件保存为 Unicode 格式以防止数据丢失
         main.cpp
     1>C:\Tools\PCL 1.8.0\include\pcl-1.8\pcl/visualization/interactor_style.h : warning C4819: 该文件包含不能在当前代码页(936)中表示的字符。请将该文件保存为 Unicode 格式以防止数据丢失
     1>C:\Tools\PCL 1.8.0\include\pcl-1.8\pcl/visualization/pcl_visualizer.h(1621): warning C4819: 该文件包含不能在当前代码页(936)中表示的字符。请将该文件保存为 Unicode 格式以防止数据丢失
         Tools.cpp
         正在生成代码...
         C:\Program Files (x86)\Microsoft Visual Studio 12.0\VC\bin\x86_amd64\CL.exe /c /I.\GeneratedFiles /I. /IC:\Qt\Qt5.7.0\5.7\msvc2013_64\include /I.\GeneratedFiles\Debug /IC:\Qt\Qt5.7.0\5.7\msvc2013_64\include\QtCore /IC:\Qt\Qt5.7.0\5.7\msvc2013_64\include\QtGui /IC:\Qt\Qt5.7.0\5.7\msvc2013_64\include\QtWidgets /I"C:\Tools\PCL 1.8.0\include\pcl-1.8" /I"C:\Tools\PCL 1.8.0\3rdParty\Boost\include\boost-1_59" /I"C:\Tools\PCL 1.8.0\3rdParty\Eigen\eigen3" /I"C:\Tools\PCL 1.8.0\3rdParty\FLANN\include" /I"C:\Tools\PCL 1.8.0\3rdParty\OpenNI2\Include" /I"C:\Tools\PCL 1.8.0\3rdParty\Qhull\include" /I"C:\Tools\PCL 1.8.0\3rdParty\VTK\include\vtk-7.0" /Zi /nologo /W1 /WX- /Od /D UNICODE /D WIN32 /D WIN64 /D QT_DLL /D QT_CORE_LIB /D QT_GUI_LIB /D QT_WIDGETS_LIB /D _SCL_SECURE_NO_WARNINGS /D _CRT_SECURE_NO_WARNINGS /Gm- /EHsc /MTd /GS /fp:precise /Zc:wchar_t /Zc:forScope /Fo"x64\Debug\\" /Fd"x64\Debug\vc120.pdb" /Gd /TP /errorReport:prompt GeneratedFiles\qrc_cloudviewer.cpp
         qrc_cloudviewer.cpp
       Link:
         C:\Program Files (x86)\Microsoft Visual Studio 12.0\VC\bin\x86_amd64\link.exe /ERRORREPORT:PROMPT /OUT:"E:\Code\CPP\Qt\Homework\CloudViewer\x64\Debug\\CloudViewer.exe" /NOLOGO /LIBPATH:C:\Qt\Qt5.7.0\5.7\msvc2013_64\lib /LIBPATH:"C:\Tools\PCL 1.8.0\lib" /LIBPATH:"C:\Tools\PCL 1.8.0\3rdParty\Boost\lib" /LIBPATH:"C:\Tools\PCL 1.8.0\3rdParty\OpenNI2\Lib" /LIBPATH:"C:\Tools\PCL 1.8.0\3rdParty\FLANN\lib" /LIBPATH:"C:\Tools\PCL 1.8.0\3rdParty\Qhull\lib" /LIBPATH:"C:\Tools\PCL 1.8.0\3rdParty\VTK\lib" qtmaind.lib Qt5Cored.lib Qt5Guid.lib Qt5Widgetsd.lib pcl_common_debug.lib pcl_features_debug.lib pcl_filters_debug.lib pcl_io_debug.lib pcl_io_ply_debug.lib pcl_kdtree_debug.lib pcl_keypoints_debug.lib pcl_ml_debug.lib pcl_octree_debug.lib pcl_outofcore_debug.lib pcl_people_debug.lib pcl_recognition_debug.lib pcl_registration_debug.lib pcl_sample_consensus_debug.lib pcl_search_debug.lib pcl_segmentation_debug.lib pcl_stereo_debug.lib pcl_surface_debug.lib pcl_tracking_debug.lib pcl_visualization_debug.lib "libboost_atomic-vc120-mt-gd-1_59.lib" "libboost_chrono-vc120-mt-gd-1_59.lib" "libboost_container-vc120-mt-gd-1_59.lib" "libboost_context-vc120-mt-gd-1_59.lib" "libboost_coroutine-vc120-mt-gd-1_59.lib" "libboost_date_time-vc120-mt-gd-1_59.lib" "libboost_exception-vc120-mt-gd-1_59.lib" "libboost_filesystem-vc120-mt-gd-1_59.lib" "libboost_graph-vc120-mt-gd-1_59.lib" "libboost_iostreams-vc120-mt-gd-1_59.lib" "libboost_locale-vc120-mt-gd-1_59.lib" "libboost_log-vc120-mt-gd-1_59.lib" "libboost_log_setup-vc120-mt-gd-1_59.lib" "libboost_math_c99-vc120-mt-gd-1_59.lib" "libboost_math_c99f-vc120-mt-gd-1_59.lib" "libboost_math_c99l-vc120-mt-gd-1_59.lib" "libboost_math_tr1-vc120-mt-gd-1_59.lib" "libboost_math_tr1f-vc120-mt-gd-1_59.lib" "libboost_math_tr1l-vc120-mt-gd-1_59.lib" "libboost_mpi-vc120-mt-gd-1_59.lib" "libboost_prg_exec_monitor-vc120-mt-gd-1_59.lib" "libboost_program_options-vc120-mt-gd-1_59.lib" "libboost_random-vc120-mt-gd-1_59.lib" "libboost_regex-vc120-mt-gd-1_59.lib" "libboost_serialization-vc120-mt-gd-1_59.lib" "libboost_signals-vc120-mt-gd-1_59.lib" "libboost_system-vc120-mt-gd-1_59.lib" "libboost_test_exec_monitor-vc120-mt-gd-1_59.lib" "libboost_thread-vc120-mt-gd-1_59.lib" "libboost_timer-vc120-mt-gd-1_59.lib" "libboost_unit_test_framework-vc120-mt-gd-1_59.lib" "libboost_wave-vc120-mt-gd-1_59.lib" "libboost_wserialization-vc120-mt-gd-1_59.lib" "vtkalglib-7.0-gd.lib" "vtkChartsCore-7.0-gd.lib" "vtkCommonCore-7.0-gd.lib" "vtkCommonColor-7.0-gd.lib" "vtkCommonComputationalGeometry-7.0-gd.lib" "vtkCommonDataModel-7.0-gd.lib" "vtkCommonExecutionModel-7.0-gd.lib" "vtkCommonMath-7.0-gd.lib" "vtkCommonMisc-7.0-gd.lib" "vtkCommonSystem-7.0-gd.lib" "vtkCommonTransforms-7.0-gd.lib" "vtkDICOMParser-7.0-gd.lib" "vtkDomainsChemistry-7.0-gd.lib" "vtkexoIIc-7.0-gd.lib" "vtkexpat-7.0-gd.lib" "vtkFiltersAMR-7.0-gd.lib" "vtkFiltersCore-7.0-gd.lib" "vtkFiltersExtraction-7.0-gd.lib" "vtkFiltersFlowPaths-7.0-gd.lib" "vtkFiltersGeneral-7.0-gd.lib" "vtkFiltersGeneric-7.0-gd.lib" "vtkFiltersGeometry-7.0-gd.lib" "vtkFiltersHybrid-7.0-gd.lib" "vtkFiltersHyperTree-7.0-gd.lib" "vtkFiltersImaging-7.0-gd.lib" "vtkFiltersModeling-7.0-gd.lib" "vtkFiltersParallel-7.0-gd.lib" "vtkFiltersParallelImaging-7.0-gd.lib" "vtkFiltersProgrammable-7.0-gd.lib" "vtkFiltersSelection-7.0-gd.lib" "vtkFiltersSMP-7.0-gd.lib" "vtkFiltersSources-7.0-gd.lib" "vtkFiltersStatistics-7.0-gd.lib" "vtkFiltersTexture-7.0-gd.lib" "vtkFiltersVerdict-7.0-gd.lib" "vtkfreetype-7.0-gd.lib" "vtkGeovisCore-7.0-gd.lib" "vtkhdf5-7.0-gd.lib" "vtkhdf5_hl-7.0-gd.lib" "vtkImagingColor-7.0-gd.lib" "vtkImagingCore-7.0-gd.lib" "vtkImagingFourier-7.0-gd.lib" "vtkImagingGeneral-7.0-gd.lib" "vtkImagingHybrid-7.0-gd.lib" "vtkImagingMath-7.0-gd.lib" "vtkImagingMorphological-7.0-gd.lib" "vtkImagingSources-7.0-gd.lib" "vtkImagingStatistics-7.0-gd.lib" "vtkImagingStencil-7.0-gd.lib" "vtkInfovisCore-7.0-gd.lib" "vtkInfovisLayout-7.0-gd.lib" "vtkInteractionImage-7.0-gd.lib" "vtkInteractionStyle-7.0-gd.lib" "vtkInteractionWidgets-7.0-gd.lib" "vtkIOAMR-7.0-gd.lib" "vtkIOCore-7.0-gd.lib" "vtkIOEnSight-7.0-gd.lib" "vtkIOExodus-7.0-gd.lib" "vtkIOExport-7.0-gd.lib" "vtkIOGeometry-7.0-gd.lib" "vtkIOImage-7.0-gd.lib" "vtkIOImport-7.0-gd.lib" "vtkIOInfovis-7.0-gd.lib" "vtkIOLegacy-7.0-gd.lib" "vtkIOLSDyna-7.0-gd.lib" "vtkIOMINC-7.0-gd.lib" "vtkIOMovie-7.0-gd.lib" "vtkIONetCDF-7.0-gd.lib" "vtkIOParallel-7.0-gd.lib" "vtkIOParallelXML-7.0-gd.lib" "vtkIOPLY-7.0-gd.lib" "vtkIOSQL-7.0-gd.lib" "vtkIOVideo-7.0-gd.lib" "vtkIOXML-7.0-gd.lib" "vtkIOXMLParser-7.0-gd.lib" "vtkjpeg-7.0-gd.lib" "vtkjsoncpp-7.0-gd.lib" "vtklibxml2-7.0-gd.lib" "vtkmetaio-7.0-gd.lib" "vtkNetCDF-7.0-gd.lib" "vtkNetCDF_cxx-7.0-gd.lib" "vtkoggtheora-7.0-gd.lib" "vtkParallelCore-7.0-gd.lib" "vtkpng-7.0-gd.lib" "vtkproj4-7.0-gd.lib" "vtkRenderingAnnotation-7.0-gd.lib" "vtkRenderingContext2D-7.0-gd.lib" "vtkRenderingContextOpenGL2-7.0-gd.lib" "vtkRenderingCore-7.0-gd.lib" "vtkRenderingFreeType-7.0-gd.lib" "vtkRenderingImage-7.0-gd.lib" "vtkRenderingLabel-7.0-gd.lib" "vtkRenderingLOD-7.0-gd.lib" "vtkRenderingOpenGL2-7.0-gd.lib" "vtkRenderingVolume-7.0-gd.lib" "vtkRenderingVolumeOpenGL2-7.0-gd.lib" "vtksqlite-7.0-gd.lib" "vtksys-7.0-gd.lib" "vtktiff-7.0-gd.lib" "vtkverdict-7.0-gd.lib" "vtkViewsContext2D-7.0-gd.lib" "vtkViewsCore-7.0-gd.lib" "vtkViewsInfovis-7.0-gd.lib" "vtkzlib-7.0-gd.lib" "vtkGUISupportQt-7.0-gd.lib" "vtkRenderingQt-7.0-gd.lib" "vtkViewsQt-7.0-gd.lib" "flann_cpp_s-gd.lib" "qhullstatic-gd.lib" OpenNI2.lib kernel32.lib user32.lib gdi32.lib winspool.lib shell32.lib ole32.lib oleaut32.lib uuid.lib comdlg32.lib advapi32.lib comctl32.lib wsock32.lib glu32.lib opengl32.lib ws2_32.lib Psapi.lib kernel32.lib user32.lib gdi32.lib winspool.lib comdlg32.lib advapi32.lib shell32.lib ole32.lib oleaut32.lib uuid.lib odbc32.lib odbccp32.lib /MANIFEST /MANIFESTUAC:"level='asInvoker' uiAccess='false'" /manifest:embed /DEBUG /PDB:"E:\Code\CPP\Qt\Homework\CloudViewer\x64\Debug\CloudViewer.pdb" /SUBSYSTEM:WINDOWS /TLBID:1 /DYNAMICBASE /NXCOMPAT /IMPLIB:"E:\Code\CPP\Qt\Homework\CloudViewer\x64\Debug\CloudViewer.lib" /MACHINE:X64 x64\Debug\AboutWin.obj
         x64\Debug\cloudviewer.obj
         x64\Debug\moc_AboutWin.obj
         x64\Debug\moc_cloudviewer.obj
         x64\Debug\qrc_cloudviewer.obj
         x64\Debug\main.obj
         x64\Debug\Tools.obj
     1>AboutWin.obj : error LNK2005: "public: __cdecl std::_Container_base12::_Container_base12(void)" (??0_Container_base12@std@@QEAA@XZ) 已经在 msvcprtd.lib(MSVCP120D.dll) 中定义
     1>AboutWin.obj : error LNK2005: "public: __cdecl std::locale::id::id(unsigned __int64)" (??0id@locale@std@@QEAA@_K@Z) 已经在 msvcprtd.lib(MSVCP120D.dll) 中定义
     1>AboutWin.obj : error LNK2005: "public: __cdecl std::_Container_base12::~_Container_base12(void)" (??1_Container_base12@std@@QEAA@XZ) 已经在 msvcprtd.lib(MSVCP120D.dll) 中定义
     1>AboutWin.obj : error LNK2005: "public: void __cdecl std::_Container_base12::_Orphan_all(void)" (?_Orphan_all@_Container_base12@std@@QEAAXXZ) 已经在 msvcprtd.lib(MSVCP120D.dll) 中定义
     1>libboost_system-vc120-mt-gd-1_59.lib(error_code.obj) : error LNK2038: 检测到“RuntimeLibrary”的不匹配项:  值“MDd_DynamicDebug”不匹配值“MTd_StaticDebug”(AboutWin.obj 中)
     1>msvcprtd.lib(MSVCP120D.dll) : error LNK2005: "void __cdecl std::_Debug_message(wchar_t const *,wchar_t const *,unsigned int)" (?_Debug_message@std@@YAXPEB_W0I@Z) 已经在 libcpmtd.lib(stdthrow.obj) 中定义
     1>msvcprtd.lib(MSVCP120D.dll) : error LNK2005: "public: __cdecl std::_Container_base12::_Container_base12(void)" (??0_Container_base12@std@@QEAA@XZ) 已经在 AboutWin.obj 中定义
     1>msvcprtd.lib(MSVCP120D.dll) : error LNK2005: "public: __cdecl std::_Container_base12::~_Container_base12(void)" (??1_Container_base12@std@@QEAA@XZ) 已经在 AboutWin.obj 中定义
     1>msvcprtd.lib(MSVCP120D.dll) : error LNK2005: "public: void __cdecl std::_Container_base12::_Orphan_all(void)" (?_Orphan_all@_Container_base12@std@@QEAAXXZ) 已经在 AboutWin.obj 中定义
     1>msvcprtd.lib(MSVCP120D.dll) : error LNK2005: "void __cdecl std::_Xbad_alloc(void)" (?_Xbad_alloc@std@@YAXXZ) 已经在 libcpmtd.lib(xthrow.obj) 中定义
     1>msvcprtd.lib(MSVCP120D.dll) : error LNK2005: "void __cdecl std::_Xlength_error(char const *)" (?_Xlength_error@std@@YAXPEBD@Z) 已经在 libcpmtd.lib(xthrow.obj) 中定义
     1>msvcprtd.lib(MSVCP120D.dll) : error LNK2005: "void __cdecl std::_Xout_of_range(char const *)" (?_Xout_of_range@std@@YAXPEBD@Z) 已经在 libcpmtd.lib(xthrow.obj) 中定义
     1>msvcprtd.lib(MSVCP120D.dll) : error LNK2005: "public: __cdecl std::locale::id::id(unsigned __int64)" (??0id@locale@std@@QEAA@_K@Z) 已经在 AboutWin.obj 中定义
     1>msvcprtd.lib(MSVCP120D.dll) : error LNK2005: "char const * __cdecl std::_Syserror_map(int)" (?_Syserror_map@std@@YAPEBDH@Z) 已经在 libcpmtd.lib(syserror.obj) 中定义
     1>msvcprtd.lib(MSVCP120D.dll) : error LNK2005: "char const * __cdecl std::_Winerror_map(int)" (?_Winerror_map@std@@YAPEBDH@Z) 已经在 libcpmtd.lib(syserror.obj) 中定义
     1>MSVCRTD.lib(MSVCR120D.dll) : error LNK2005: memmove 已经在 LIBCMTD.lib(memcpy.obj) 中定义
     1>MSVCRTD.lib(MSVCR120D.dll) : error LNK2005: _hypot 已经在 LIBCMTD.lib(hypot.obj) 中定义
     1>MSVCRTD.lib(ti_inst.obj) : error LNK2005: "private: __cdecl type_info::type_info(class type_info const &)" (??0type_info@@AEAA@AEBV0@@Z) 已经在 LIBCMTD.lib(typinfo.obj) 中定义
     1>MSVCRTD.lib(ti_inst.obj) : error LNK2005: "private: class type_info & __cdecl type_info::operator=(class type_info const &)" (??4type_info@@AEAAAEAV0@AEBV0@@Z) 已经在 LIBCMTD.lib(typinfo.obj) 中定义
     1>qtmaind.lib(qtmain_win.obj) : error LNK2038: 检测到“RuntimeLibrary”的不匹配项:  值“MDd_DynamicDebug”不匹配值“MTd_StaticDebug”(AboutWin.obj 中)
     1>LINK : warning LNK4098: 默认库“MSVCRTD”与其他库的使用冲突；请使用 /NODEFAULTLIB:library
     1>E:\Code\CPP\Qt\Homework\CloudViewer\x64\Debug\\CloudViewer.exe : fatal error LNK1169: 找到一个或多个多重定义的符号
     1>已完成生成项目“E:\Code\CPP\Qt\Homework\CloudViewer\CloudViewer\CloudViewer.vcxproj”(Build 个目标)的操作 - 失败。

生成失败。

已用时间 00:00:47.82
